<?xml version="1.0" encoding="UTF-8"?>
<!-- Generated by org.testng.reporters.JUnitReportReporter -->
<testsuite skipped="0" hostname="LAPTOP-V6LUHV18" name="com.primary.test.BrowserActionsTest" tests="7" failures="0" timestamp="2020-05-21T11:24:42 GMT+08:00" time="127.827" errors="0">
  <testcase name="openBaiDu" time="17.369" classname="com.primary.test.BrowserActionsTest"/>
  <system-out/>
  <testcase name="GetCurrentURLTest" time="14.412" classname="com.primary.test.BrowserActionsTest"/>
  <system-out/>
  <testcase name="RefreshTest" time="15.745" classname="com.primary.test.BrowserActionsTest"/>
  <system-out/>
  <testcase name="GetCurrentTitleTest" time="14.730" classname="com.primary.test.BrowserActionsTest"/>
  <system-out/>
  <testcase name="SetDimensionSizeTest" time="23.126" classname="com.primary.test.BrowserActionsTest"/>
  <system-out/>
  <testcase name="BackTest" time="16.942" classname="com.primary.test.BrowserActionsTest"/>
  <system-out/>
  <testcase name="ForwardTest" time="25.503" classname="com.primary.test.BrowserActionsTest"/>
  <system-out/>
</testsuite> <!-- com.primary.test.BrowserActionsTest -->
